<?xml version="1.0" encoding="UTF-8"?>
<testng-results ignored="0" total="1" passed="1" failed="0" skipped="0">
  <reporter-output>
  </reporter-output>
  <suite started-at="2023-06-07T15:52:55 IST" name="Suite" finished-at="2023-06-07T15:55:24 IST" duration-ms="148452">
    <groups>
    </groups>
    <test started-at="2023-06-07T15:52:55 IST" name="Test" finished-at="2023-06-07T15:55:24 IST" duration-ms="148452">
      <class name="TestCase.VerifyOEI">
        <test-method is-config="true" signature="BeforeSuite()[pri:0, instance:TestCase.VerifyOEI@506ae4d4]" started-at="2023-06-07T15:52:55 IST" name="BeforeSuite" finished-at="2023-06-07T15:52:55 IST" duration-ms="257" status="PASS">
          <reporter-output>
          </reporter-output>
        </test-method> <!-- BeforeSuite -->
        <test-method is-config="true" signature="LunchBrowser()[pri:0, instance:TestCase.VerifyOEI@506ae4d4]" started-at="2023-06-07T15:52:56 IST" name="LunchBrowser" finished-at="2023-06-07T15:53:04 IST" duration-ms="8014" status="PASS">
          <reporter-output>
          </reporter-output>
        </test-method> <!-- LunchBrowser -->
        <test-method signature="OEI()[pri:0, instance:TestCase.VerifyOEI@506ae4d4]" started-at="2023-06-07T15:53:04 IST" name="OEI" finished-at="2023-06-07T15:55:24 IST" duration-ms="140383" status="PASS">
          <reporter-output>
          </reporter-output>
        </test-method> <!-- OEI -->
        <test-method is-config="true" signature="teardown()[pri:0, instance:TestCase.VerifyOEI@506ae4d4]" started-at="2023-06-07T15:55:24 IST" name="teardown" finished-at="2023-06-07T15:55:24 IST" duration-ms="0" status="PASS">
          <reporter-output>
          </reporter-output>
        </test-method> <!-- teardown -->
        <test-method is-config="true" signature="AfterSuite()[pri:0, instance:TestCase.VerifyOEI@506ae4d4]" started-at="2023-06-07T15:55:24 IST" name="AfterSuite" finished-at="2023-06-07T15:55:24 IST" duration-ms="368" status="PASS">
          <reporter-output>
          </reporter-output>
        </test-method> <!-- AfterSuite -->
      </class> <!-- TestCase.VerifyOEI -->
    </test> <!-- Test -->
  </suite> <!-- Suite -->
</testng-results>
